<?xml version="1.0" encoding="UTF-8"?>
<testng-results skipped="0" failed="0" ignored="0" total="1" passed="1">
  <reporter-output>
  </reporter-output>
  <suite name="Suite" duration-ms="142878" started-at="2019-01-28T07:08:39Z" finished-at="2019-01-28T07:11:01Z">
    <groups>
    </groups>
    <test name="Test" duration-ms="142878" started-at="2019-01-28T07:08:39Z" finished-at="2019-01-28T07:11:01Z">
      <class name="org.honeywell.Trace.driver.DriverScript">
        <test-method status="PASS" signature="loadClasses()[pri:0, instance:org.honeywell.Trace.driver.DriverScript@17d677df]" name="loadClasses" is-config="true" duration-ms="574" started-at="2019-01-28T07:08:38Z" finished-at="2019-01-28T07:08:39Z">
          <reporter-output>
          </reporter-output>
        </test-method> <!-- loadClasses -->
        <test-method status="PASS" signature="runTest()[pri:0, instance:org.honeywell.Trace.driver.DriverScript@17d677df]" name="runTest" duration-ms="142866" started-at="2019-01-28T07:08:39Z" finished-at="2019-01-28T07:11:01Z">
          <reporter-output>
          </reporter-output>
        </test-method> <!-- runTest -->
        <test-method status="PASS" signature="teardown()[pri:0, instance:org.honeywell.Trace.driver.DriverScript@17d677df]" name="teardown" is-config="true" duration-ms="181" started-at="2019-01-28T07:11:01Z" finished-at="2019-01-28T07:11:02Z">
          <reporter-output>
          </reporter-output>
        </test-method> <!-- teardown -->
      </class> <!-- org.honeywell.Trace.driver.DriverScript -->
    </test> <!-- Test -->
  </suite> <!-- Suite -->
</testng-results>
